{
  "D:\\RS\\rs-react-2025\\rs-react-app\\src\\App.tsx": {
    "path": "D:\\RS\\rs-react-2025\\rs-react-app\\src\\App.tsx",
    "statementMap": {
      "0": {
        "start": { "line": 1, "column": 0 },
        "end": { "line": 1, "column": 44 }
      },
      "1": {
        "start": { "line": 2, "column": 0 },
        "end": { "line": 2, "column": 58 }
      },
      "2": {
        "start": { "line": 3, "column": 0 },
        "end": { "line": 3, "column": 47 }
      },
      "3": {
        "start": { "line": 4, "column": 0 },
        "end": { "line": 4, "column": 45 }
      },
      "4": {
        "start": { "line": 5, "column": 0 },
        "end": { "line": 5, "column": 41 }
      },
      "5": {
        "start": { "line": 6, "column": 0 },
        "end": { "line": 6, "column": 55 }
      },
      "6": {
        "start": { "line": 7, "column": 0 },
        "end": { "line": 7, "column": 57 }
      },
      "7": {
        "start": { "line": 10, "column": 0 },
        "end": { "line": 10, "column": 47 }
      },
      "8": {
        "start": { "line": 12, "column": 12 },
        "end": { "line": 111, "column": 1 }
      },
      "9": {
        "start": { "line": 14, "column": 28 },
        "end": { "line": 14, "column": 55 }
      },
      "10": {
        "start": { "line": 17, "column": 38 },
        "end": { "line": 17, "column": 71 }
      },
      "11": {
        "start": { "line": 20, "column": 32 },
        "end": { "line": 20, "column": 47 }
      },
      "12": {
        "start": { "line": 23, "column": 28 },
        "end": { "line": 23, "column": 40 }
      },
      "13": {
        "start": { "line": 26, "column": 32 },
        "end": { "line": 26, "column": 47 }
      },
      "14": {
        "start": { "line": 29, "column": 2 },
        "end": { "line": 31, "column": 9 }
      },
      "15": {
        "start": { "line": 30, "column": 4 },
        "end": { "line": 30, "column": 26 }
      },
      "16": {
        "start": { "line": 36, "column": 20 },
        "end": { "line": 50, "column": 3 }
      },
      "17": {
        "start": { "line": 37, "column": 4 },
        "end": { "line": 37, "column": 21 }
      },
      "18": {
        "start": { "line": 38, "column": 4 },
        "end": { "line": 38, "column": 17 }
      },
      "19": {
        "start": { "line": 39, "column": 4 },
        "end": { "line": 39, "column": 17 }
      },
      "20": {
        "start": { "line": 41, "column": 4 },
        "end": { "line": 49, "column": 5 }
      },
      "21": {
        "start": { "line": 42, "column": 19 },
        "end": { "line": 42, "column": 47 }
      },
      "22": {
        "start": { "line": 43, "column": 6 },
        "end": { "line": 43, "column": 29 }
      },
      "23": {
        "start": { "line": 45, "column": 22 },
        "end": { "line": 45, "column": 79 }
      },
      "24": {
        "start": { "line": 46, "column": 6 },
        "end": { "line": 46, "column": 24 }
      },
      "25": {
        "start": { "line": 48, "column": 6 },
        "end": { "line": 48, "column": 24 }
      },
      "26": {
        "start": { "line": 55, "column": 23 },
        "end": { "line": 58, "column": 3 }
      },
      "27": {
        "start": { "line": 56, "column": 4 },
        "end": { "line": 56, "column": 24 }
      },
      "28": {
        "start": { "line": 57, "column": 4 },
        "end": { "line": 57, "column": 20 }
      },
      "29": {
        "start": { "line": 63, "column": 21 },
        "end": { "line": 65, "column": 3 }
      },
      "30": {
        "start": { "line": 64, "column": 4 },
        "end": { "line": 64, "column": 21 }
      },
      "31": {
        "start": { "line": 67, "column": 2 },
        "end": { "line": 110, "column": 4 }
      },
      "32": {
        "start": { "line": 113, "column": 0 },
        "end": { "line": 113, "column": 19 }
      }
    },
    "fnMap": {
      "0": {
        "name": "(anonymous_1)",
        "decl": {
          "start": { "line": 12, "column": 12 },
          "end": { "line": 12, "column": 15 }
        },
        "loc": {
          "start": { "line": 12, "column": 17 },
          "end": { "line": 111, "column": 1 }
        }
      },
      "1": {
        "name": "(anonymous_2)",
        "decl": {
          "start": { "line": 29, "column": 12 },
          "end": { "line": 29, "column": 15 }
        },
        "loc": {
          "start": { "line": 29, "column": 17 },
          "end": { "line": 31, "column": 3 }
        }
      },
      "2": {
        "name": "(anonymous_3)",
        "decl": {
          "start": { "line": 36, "column": 20 },
          "end": { "line": 36, "column": 25 }
        },
        "loc": {
          "start": { "line": 36, "column": 43 },
          "end": { "line": 50, "column": 3 }
        }
      },
      "3": {
        "name": "(anonymous_4)",
        "decl": {
          "start": { "line": 55, "column": 23 },
          "end": { "line": 55, "column": 24 }
        },
        "loc": {
          "start": { "line": 55, "column": 40 },
          "end": { "line": 58, "column": 3 }
        }
      },
      "4": {
        "name": "(anonymous_5)",
        "decl": {
          "start": { "line": 63, "column": 21 },
          "end": { "line": 63, "column": 24 }
        },
        "loc": {
          "start": { "line": 63, "column": 26 },
          "end": { "line": 65, "column": 3 }
        }
      }
    },
    "branchMap": {
      "0": {
        "loc": {
          "start": { "line": 45, "column": 22 },
          "end": { "line": 45, "column": 79 }
        },
        "type": "cond-expr",
        "locations": [
          {
            "start": { "line": 45, "column": 45 },
            "end": { "line": 45, "column": 56 }
          },
          {
            "start": { "line": 45, "column": 59 },
            "end": { "line": 45, "column": 79 }
          }
        ]
      },
      "1": {
        "loc": {
          "start": { "line": 94, "column": 11 },
          "end": { "line": 94, "column": 32 }
        },
        "type": "binary-expr",
        "locations": [
          {
            "start": { "line": 94, "column": 11 },
            "end": { "line": 94, "column": 18 }
          },
          {
            "start": { "line": 94, "column": 22 },
            "end": { "line": 94, "column": 32 }
          }
        ]
      },
      "2": {
        "loc": {
          "start": { "line": 97, "column": 11 },
          "end": { "line": 97, "column": 63 }
        },
        "type": "binary-expr",
        "locations": [
          {
            "start": { "line": 97, "column": 11 },
            "end": { "line": 97, "column": 16 }
          },
          {
            "start": { "line": 97, "column": 20 },
            "end": { "line": 97, "column": 63 }
          }
        ]
      },
      "3": {
        "loc": {
          "start": { "line": 100, "column": 11 },
          "end": { "line": 100, "column": 59 }
        },
        "type": "binary-expr",
        "locations": [
          {
            "start": { "line": 100, "column": 11 },
            "end": { "line": 100, "column": 19 }
          },
          {
            "start": { "line": 100, "column": 23 },
            "end": { "line": 100, "column": 29 }
          },
          {
            "start": { "line": 100, "column": 33 },
            "end": { "line": 100, "column": 59 }
          }
        ]
      },
      "4": {
        "loc": {
          "start": { "line": 106, "column": 11 },
          "end": { "line": 106, "column": 40 }
        },
        "type": "binary-expr",
        "locations": [
          {
            "start": { "line": 106, "column": 11 },
            "end": { "line": 106, "column": 18 }
          },
          {
            "start": { "line": 106, "column": 22 },
            "end": { "line": 106, "column": 40 }
          }
        ]
      }
    },
    "s": {
      "0": 1,
      "1": 1,
      "2": 1,
      "3": 1,
      "4": 1,
      "5": 1,
      "6": 1,
      "7": 1,
      "8": 1,
      "9": 16,
      "10": 15,
      "11": 15,
      "12": 15,
      "13": 15,
      "14": 15,
      "15": 5,
      "16": 15,
      "17": 6,
      "18": 6,
      "19": 6,
      "20": 6,
      "21": 6,
      "22": 5,
      "23": 1,
      "24": 1,
      "25": 6,
      "26": 15,
      "27": 1,
      "28": 1,
      "29": 15,
      "30": 1,
      "31": 15,
      "32": 1
    },
    "f": { "0": 16, "1": 5, "2": 6, "3": 1, "4": 1 },
    "b": {
      "0": [1, 0],
      "1": [15, 8],
      "2": [15, 1],
      "3": [15, 7, 6],
      "4": [15, 2]
    }
  },
  "D:\\RS\\rs-react-2025\\rs-react-app\\src\\main.tsx": {
    "path": "D:\\RS\\rs-react-2025\\rs-react-app\\src\\main.tsx",
    "statementMap": {
      "0": {
        "start": { "line": 1, "column": 0 },
        "end": { "line": 1, "column": 35 }
      },
      "1": {
        "start": { "line": 2, "column": 0 },
        "end": { "line": 2, "column": 46 }
      },
      "2": {
        "start": { "line": 3, "column": 0 },
        "end": { "line": 3, "column": 21 }
      },
      "3": {
        "start": { "line": 4, "column": 0 },
        "end": { "line": 4, "column": 24 }
      },
      "4": {
        "start": { "line": 6, "column": 20 },
        "end": { "line": 6, "column": 51 }
      },
      "5": {
        "start": { "line": 8, "column": 0 },
        "end": { "line": 10, "column": 1 }
      },
      "6": {
        "start": { "line": 9, "column": 2 },
        "end": { "line": 9, "column": 53 }
      },
      "7": {
        "start": { "line": 12, "column": 0 },
        "end": { "line": 16, "column": 2 }
      }
    },
    "fnMap": {},
    "branchMap": {
      "0": {
        "loc": {
          "start": { "line": 8, "column": 0 },
          "end": { "line": 10, "column": 1 }
        },
        "type": "if",
        "locations": [
          {
            "start": { "line": 8, "column": 0 },
            "end": { "line": 10, "column": 1 }
          },
          { "start": {}, "end": {} }
        ]
      }
    },
    "s": { "0": 0, "1": 0, "2": 0, "3": 0, "4": 0, "5": 0, "6": 0, "7": 0 },
    "f": {},
    "b": { "0": [0, 0] }
  },
  "D:\\RS\\rs-react-2025\\rs-react-app\\src\\components\\BuggyComponent.tsx": {
    "path": "D:\\RS\\rs-react-2025\\rs-react-app\\src\\components\\BuggyComponent.tsx",
    "statementMap": {
      "0": {
        "start": { "line": 1, "column": 23 },
        "end": { "line": 5, "column": 1 }
      },
      "1": {
        "start": { "line": 2, "column": 2 },
        "end": { "line": 2, "column": 74 }
      },
      "2": {
        "start": { "line": 4, "column": 2 },
        "end": { "line": 4, "column": 14 }
      },
      "3": {
        "start": { "line": 7, "column": 0 },
        "end": { "line": 7, "column": 30 }
      }
    },
    "fnMap": {
      "0": {
        "name": "(anonymous_0)",
        "decl": {
          "start": { "line": 1, "column": 23 },
          "end": { "line": 1, "column": 26 }
        },
        "loc": {
          "start": { "line": 1, "column": 28 },
          "end": { "line": 5, "column": 1 }
        }
      }
    },
    "branchMap": {},
    "s": { "0": 1, "1": 3, "2": 0, "3": 1 },
    "f": { "0": 3 },
    "b": {}
  },
  "D:\\RS\\rs-react-2025\\rs-react-app\\src\\components\\Card.tsx": {
    "path": "D:\\RS\\rs-react-2025\\rs-react-app\\src\\components\\Card.tsx",
    "statementMap": {
      "0": {
        "start": { "line": 7, "column": 13 },
        "end": { "line": 17, "column": 1 }
      },
      "1": {
        "start": { "line": 8, "column": 39 },
        "end": { "line": 8, "column": 45 }
      },
      "2": {
        "start": { "line": 10, "column": 2 },
        "end": { "line": 16, "column": 4 }
      },
      "3": {
        "start": { "line": 19, "column": 0 },
        "end": { "line": 19, "column": 20 }
      }
    },
    "fnMap": {
      "0": {
        "name": "(anonymous_0)",
        "decl": {
          "start": { "line": 7, "column": 13 },
          "end": { "line": 7, "column": 14 }
        },
        "loc": {
          "start": { "line": 7, "column": 35 },
          "end": { "line": 17, "column": 1 }
        }
      }
    },
    "branchMap": {},
    "s": { "0": 3, "1": 8, "2": 8, "3": 3 },
    "f": { "0": 8 },
    "b": {}
  },
  "D:\\RS\\rs-react-2025\\rs-react-app\\src\\components\\CardList.tsx": {
    "path": "D:\\RS\\rs-react-2025\\rs-react-app\\src\\components\\CardList.tsx",
    "statementMap": {
      "0": {
        "start": { "line": 1, "column": 0 },
        "end": { "line": 1, "column": 26 }
      },
      "1": {
        "start": { "line": 8, "column": 17 },
        "end": { "line": 17, "column": 1 }
      },
      "2": {
        "start": { "line": 9, "column": 2 },
        "end": { "line": 16, "column": 4 }
      },
      "3": {
        "start": { "line": 13, "column": 8 },
        "end": { "line": 13, "column": 31 }
      },
      "4": {
        "start": { "line": 19, "column": 0 },
        "end": { "line": 19, "column": 24 }
      }
    },
    "fnMap": {
      "0": {
        "name": "(anonymous_1)",
        "decl": {
          "start": { "line": 8, "column": 17 },
          "end": { "line": 8, "column": 18 }
        },
        "loc": {
          "start": { "line": 8, "column": 38 },
          "end": { "line": 17, "column": 1 }
        }
      },
      "1": {
        "name": "(anonymous_2)",
        "decl": {
          "start": { "line": 12, "column": 17 },
          "end": { "line": 12, "column": 18 }
        },
        "loc": {
          "start": { "line": 13, "column": 8 },
          "end": { "line": 13, "column": 31 }
        }
      }
    },
    "branchMap": {},
    "s": { "0": 2, "1": 2, "2": 10, "3": 7, "4": 2 },
    "f": { "0": 10, "1": 7 },
    "b": {}
  },
  "D:\\RS\\rs-react-2025\\rs-react-app\\src\\components\\ErrorBoundary.tsx": {
    "path": "D:\\RS\\rs-react-2025\\rs-react-app\\src\\components\\ErrorBoundary.tsx",
    "statementMap": {
      "0": {
        "start": { "line": 1, "column": 0 },
        "end": { "line": 1, "column": 26 }
      },
      "1": {
        "start": { "line": 14, "column": 4 },
        "end": { "line": 14, "column": 17 }
      },
      "2": {
        "start": { "line": 15, "column": 4 },
        "end": { "line": 15, "column": 37 }
      },
      "3": {
        "start": { "line": 19, "column": 4 },
        "end": { "line": 19, "column": 30 }
      },
      "4": {
        "start": { "line": 23, "column": 4 },
        "end": { "line": 23, "column": 60 }
      },
      "5": {
        "start": { "line": 27, "column": 4 },
        "end": { "line": 37, "column": 5 }
      },
      "6": {
        "start": { "line": 28, "column": 6 },
        "end": { "line": 36, "column": 8 }
      },
      "7": {
        "start": { "line": 39, "column": 4 },
        "end": { "line": 39, "column": 31 }
      },
      "8": {
        "start": { "line": 43, "column": 0 },
        "end": { "line": 43, "column": 29 }
      }
    },
    "fnMap": {
      "0": {
        "name": "(anonymous_1)",
        "decl": {
          "start": { "line": 13, "column": 2 },
          "end": { "line": 13, "column": 14 }
        },
        "loc": {
          "start": { "line": 13, "column": 26 },
          "end": { "line": 16, "column": 3 }
        }
      },
      "1": {
        "name": "(anonymous_2)",
        "decl": {
          "start": { "line": 18, "column": 2 },
          "end": { "line": 18, "column": 8 }
        },
        "loc": {
          "start": { "line": 18, "column": 42 },
          "end": { "line": 20, "column": 3 }
        }
      },
      "2": {
        "name": "(anonymous_3)",
        "decl": {
          "start": { "line": 22, "column": 2 },
          "end": { "line": 22, "column": 19 }
        },
        "loc": {
          "start": { "line": 22, "column": 55 },
          "end": { "line": 24, "column": 3 }
        }
      },
      "3": {
        "name": "(anonymous_4)",
        "decl": {
          "start": { "line": 26, "column": 2 },
          "end": { "line": 26, "column": 8 }
        },
        "loc": {
          "start": { "line": 26, "column": 8 },
          "end": { "line": 40, "column": 3 }
        }
      }
    },
    "branchMap": {
      "0": {
        "loc": {
          "start": { "line": 27, "column": 4 },
          "end": { "line": 37, "column": 5 }
        },
        "type": "if",
        "locations": [
          {
            "start": { "line": 27, "column": 4 },
            "end": { "line": 37, "column": 5 }
          },
          { "start": {}, "end": {} }
        ]
      },
      "1": {
        "loc": {
          "start": { "line": 29, "column": 8 },
          "end": { "line": 34, "column": null }
        },
        "type": "binary-expr",
        "locations": [
          {
            "start": { "line": 29, "column": 8 },
            "end": { "line": 29, "column": 27 }
          },
          {
            "start": { "line": 30, "column": 10 },
            "end": { "line": 33, "column": null }
          }
        ]
      }
    },
    "s": {
      "0": 2,
      "1": 12,
      "2": 10,
      "3": 6,
      "4": 3,
      "5": 26,
      "6": 6,
      "7": 20,
      "8": 2
    },
    "f": { "0": 12, "1": 6, "2": 3, "3": 26 },
    "b": { "0": [6, 20], "1": [6, 2] }
  },
  "D:\\RS\\rs-react-2025\\rs-react-app\\src\\components\\Loader.tsx": {
    "path": "D:\\RS\\rs-react-2025\\rs-react-app\\src\\components\\Loader.tsx",
    "statementMap": {
      "0": {
        "start": { "line": 2, "column": 15 },
        "end": { "line": 4, "column": 1 }
      },
      "1": {
        "start": { "line": 3, "column": 2 },
        "end": { "line": 3, "column": 36 }
      },
      "2": {
        "start": { "line": 6, "column": 0 },
        "end": { "line": 6, "column": 22 }
      }
    },
    "fnMap": {
      "0": {
        "name": "(anonymous_0)",
        "decl": {
          "start": { "line": 2, "column": 15 },
          "end": { "line": 2, "column": 18 }
        },
        "loc": {
          "start": { "line": 2, "column": 20 },
          "end": { "line": 4, "column": 1 }
        }
      }
    },
    "branchMap": {},
    "s": { "0": 2, "1": 10, "2": 2 },
    "f": { "0": 10 },
    "b": {}
  },
  "D:\\RS\\rs-react-2025\\rs-react-app\\src\\components\\SearchBar.tsx": {
    "path": "D:\\RS\\rs-react-2025\\rs-react-app\\src\\components\\SearchBar.tsx",
    "statementMap": {
      "0": {
        "start": { "line": 1, "column": 0 },
        "end": { "line": 1, "column": 33 }
      },
      "1": {
        "start": { "line": 10, "column": 28 },
        "end": { "line": 10, "column": 50 }
      },
      "2": {
        "start": { "line": 12, "column": 23 },
        "end": { "line": 14, "column": 3 }
      },
      "3": {
        "start": { "line": 13, "column": 4 },
        "end": { "line": 13, "column": 29 }
      },
      "4": {
        "start": { "line": 16, "column": 23 },
        "end": { "line": 19, "column": 3 }
      },
      "5": {
        "start": { "line": 17, "column": 17 },
        "end": { "line": 17, "column": 29 }
      },
      "6": {
        "start": { "line": 18, "column": 4 },
        "end": { "line": 18, "column": 19 }
      },
      "7": {
        "start": { "line": 21, "column": 2 },
        "end": { "line": 30, "column": 4 }
      },
      "8": {
        "start": { "line": 33, "column": 0 },
        "end": { "line": 33, "column": 25 }
      }
    },
    "fnMap": {
      "0": {
        "name": "SearchBar",
        "decl": {
          "start": { "line": 9, "column": 9 },
          "end": { "line": 9, "column": 18 }
        },
        "loc": {
          "start": { "line": 9, "column": 57 },
          "end": { "line": 31, "column": 1 }
        }
      },
      "1": {
        "name": "(anonymous_1)",
        "decl": {
          "start": { "line": 12, "column": 23 },
          "end": { "line": 12, "column": 24 }
        },
        "loc": {
          "start": { "line": 12, "column": 66 },
          "end": { "line": 14, "column": 3 }
        }
      },
      "2": {
        "name": "(anonymous_2)",
        "decl": {
          "start": { "line": 16, "column": 23 },
          "end": { "line": 16, "column": 26 }
        },
        "loc": {
          "start": { "line": 16, "column": 28 },
          "end": { "line": 19, "column": 3 }
        }
      }
    },
    "branchMap": {
      "0": {
        "loc": {
          "start": { "line": 9, "column": 31 },
          "end": { "line": 9, "column": 48 }
        },
        "type": "default-arg",
        "locations": [
          {
            "start": { "line": 9, "column": 46 },
            "end": { "line": 9, "column": 48 }
          }
        ]
      }
    },
    "s": {
      "0": 2,
      "1": 23,
      "2": 23,
      "3": 3,
      "4": 23,
      "5": 2,
      "6": 2,
      "7": 23,
      "8": 2
    },
    "f": { "0": 23, "1": 3, "2": 2 },
    "b": { "0": [5] }
  },
  "D:\\RS\\rs-react-2025\\rs-react-app\\src\\hooks\\useLocalStorage.ts": {
    "path": "D:\\RS\\rs-react-2025\\rs-react-app\\src\\hooks\\useLocalStorage.ts",
    "statementMap": {
      "0": {
        "start": { "line": 8, "column": 0 },
        "end": { "line": 8, "column": 16 }
      },
      "1": {
        "start": { "line": 1, "column": 0 },
        "end": { "line": 1, "column": 33 }
      },
      "2": {
        "start": { "line": 9, "column": 28 },
        "end": { "line": 11, "column": 4 }
      },
      "3": {
        "start": { "line": 10, "column": 4 },
        "end": { "line": 10, "column": 53 }
      },
      "4": {
        "start": { "line": 13, "column": 22 },
        "end": { "line": 16, "column": 3 }
      },
      "5": {
        "start": { "line": 14, "column": 4 },
        "end": { "line": 14, "column": 40 }
      },
      "6": {
        "start": { "line": 15, "column": 4 },
        "end": { "line": 15, "column": 23 }
      },
      "7": {
        "start": { "line": 18, "column": 2 },
        "end": { "line": 18, "column": 39 }
      }
    },
    "fnMap": {
      "0": {
        "name": "useLocalStorage",
        "decl": {
          "start": { "line": 8, "column": 16 },
          "end": { "line": 8, "column": 31 }
        },
        "loc": {
          "start": { "line": 8, "column": 65 },
          "end": { "line": 19, "column": 1 }
        }
      },
      "1": {
        "name": "(anonymous_1)",
        "decl": {
          "start": { "line": 9, "column": 37 },
          "end": { "line": 9, "column": 40 }
        },
        "loc": {
          "start": { "line": 9, "column": 42 },
          "end": { "line": 11, "column": 3 }
        }
      },
      "2": {
        "name": "(anonymous_2)",
        "decl": {
          "start": { "line": 13, "column": 22 },
          "end": { "line": 13, "column": 23 }
        },
        "loc": {
          "start": { "line": 13, "column": 43 },
          "end": { "line": 16, "column": 3 }
        }
      }
    },
    "branchMap": {
      "0": {
        "loc": {
          "start": { "line": 10, "column": 11 },
          "end": { "line": 10, "column": 52 }
        },
        "type": "binary-expr",
        "locations": [
          {
            "start": { "line": 10, "column": 11 },
            "end": { "line": 10, "column": 36 }
          },
          {
            "start": { "line": 10, "column": 40 },
            "end": { "line": 10, "column": 52 }
          }
        ]
      }
    },
    "s": { "0": 1, "1": 1, "2": 15, "3": 5, "4": 15, "5": 1, "6": 1, "7": 15 },
    "f": { "0": 15, "1": 5, "2": 1 },
    "b": { "0": [5, 3] }
  },
  "D:\\RS\\rs-react-2025\\rs-react-app\\src\\utils\\api.ts": {
    "path": "D:\\RS\\rs-react-2025\\rs-react-app\\src\\utils\\api.ts",
    "statementMap": {
      "0": {
        "start": { "line": 3, "column": 0 },
        "end": { "line": 3, "column": 7 }
      },
      "1": {
        "start": { "line": 6, "column": 18 },
        "end": { "line": 6, "column": 29 }
      },
      "2": {
        "start": { "line": 9, "column": 14 },
        "end": { "line": 11, "column": 20 }
      },
      "3": {
        "start": { "line": 13, "column": 14 },
        "end": { "line": 13, "column": 30 }
      },
      "4": {
        "start": { "line": 14, "column": 2 },
        "end": { "line": 16, "column": 3 }
      },
      "5": {
        "start": { "line": 15, "column": 4 },
        "end": { "line": 15, "column": 63 }
      },
      "6": {
        "start": { "line": 18, "column": 2 },
        "end": { "line": 18, "column": 20 }
      }
    },
    "fnMap": {
      "0": {
        "name": "fetchSwapiPeople",
        "decl": {
          "start": { "line": 3, "column": 22 },
          "end": { "line": 3, "column": 38 }
        },
        "loc": {
          "start": { "line": 4, "column": 14 },
          "end": { "line": 19, "column": 1 }
        }
      }
    },
    "branchMap": {
      "0": {
        "loc": {
          "start": { "line": 9, "column": 14 },
          "end": { "line": 11, "column": 20 }
        },
        "type": "cond-expr",
        "locations": [
          {
            "start": { "line": 10, "column": 6 },
            "end": { "line": 10, "column": 58 }
          },
          {
            "start": { "line": 11, "column": 6 },
            "end": { "line": 11, "column": 20 }
          }
        ]
      },
      "1": {
        "loc": {
          "start": { "line": 14, "column": 2 },
          "end": { "line": 16, "column": 3 }
        },
        "type": "if",
        "locations": [
          {
            "start": { "line": 14, "column": 2 },
            "end": { "line": 16, "column": 3 }
          },
          { "start": {}, "end": {} }
        ]
      }
    },
    "s": { "0": 2, "1": 8, "2": 8, "3": 8, "4": 8, "5": 2, "6": 6 },
    "f": { "0": 8 },
    "b": { "0": [5, 3], "1": [2, 6] }
  }
}
