{"D:\\RS\\rs-react-2025\\rs-react-app\\src\\App.tsx": {"path":"D:\\RS\\rs-react-2025\\rs-react-app\\src\\App.tsx","statementMap":{"0":{"start":{"line":1,"column":0},"end":{"line":1,"column":44}},"1":{"start":{"line":2,"column":0},"end":{"line":2,"column":51}},"2":{"start":{"line":3,"column":0},"end":{"line":3,"column":58}},"3":{"start":{"line":5,"column":0},"end":{"line":5,"column":47}},"4":{"start":{"line":6,"column":0},"end":{"line":6,"column":45}},"5":{"start":{"line":7,"column":0},"end":{"line":7,"column":41}},"6":{"start":{"line":8,"column":0},"end":{"line":8,"column":55}},"7":{"start":{"line":9,"column":0},"end":{"line":9,"column":57}},"8":{"start":{"line":10,"column":0},"end":{"line":10,"column":49}},"9":{"start":{"line":11,"column":0},"end":{"line":11,"column":53}},"10":{"start":{"line":12,"column":0},"end":{"line":12,"column":53}},"11":{"start":{"line":15,"column":0},"end":{"line":15,"column":47}},"12":{"start":{"line":16,"column":0},"end":{"line":16,"column":45}},"13":{"start":{"line":17,"column":12},"end":{"line":231,"column":1}},"14":{"start":{"line":19,"column":28},"end":{"line":19,"column":55}},"15":{"start":{"line":22,"column":38},"end":{"line":22,"column":49}},"16":{"start":{"line":25,"column":38},"end":{"line":25,"column":49}},"17":{"start":{"line":28,"column":38},"end":{"line":28,"column":71}},"18":{"start":{"line":31,"column":32},"end":{"line":31,"column":47}},"19":{"start":{"line":32,"column":28},"end":{"line":32,"column":40}},"20":{"start":{"line":35,"column":32},"end":{"line":35,"column":47}},"21":{"start":{"line":38,"column":42},"end":{"line":38,"column":59}},"22":{"start":{"line":41,"column":21},"end":{"line":41,"column":47}},"23":{"start":{"line":44,"column":22},"end":{"line":44,"column":59}},"24":{"start":{"line":45,"column":40},"end":{"line":45,"column":61}},"25":{"start":{"line":48,"column":2},"end":{"line":51,"column":34}},"26":{"start":{"line":49,"column":20},"end":{"line":49,"column":57}},"27":{"start":{"line":50,"column":4},"end":{"line":50,"column":57}},"28":{"start":{"line":50,"column":33},"end":{"line":50,"column":57}},"29":{"start":{"line":54,"column":2},"end":{"line":78,"column":32}},"30":{"start":{"line":55,"column":22},"end":{"line":75,"column":5}},"31":{"start":{"line":56,"column":6},"end":{"line":56,"column":23}},"32":{"start":{"line":57,"column":6},"end":{"line":57,"column":19}},"33":{"start":{"line":58,"column":6},"end":{"line":58,"column":19}},"34":{"start":{"line":60,"column":6},"end":{"line":74,"column":7}},"35":{"start":{"line":62,"column":21},"end":{"line":62,"column":78}},"36":{"start":{"line":65,"column":8},"end":{"line":65,"column":31}},"37":{"start":{"line":66,"column":8},"end":{"line":66,"column":34}},"38":{"start":{"line":67,"column":8},"end":{"line":67,"column":55}},"39":{"start":{"line":70,"column":20},"end":{"line":70,"column":77}},"40":{"start":{"line":71,"column":8},"end":{"line":71,"column":22}},"41":{"start":{"line":73,"column":8},"end":{"line":73,"column":26}},"42":{"start":{"line":77,"column":4},"end":{"line":77,"column":16}},"43":{"start":{"line":81,"column":2},"end":{"line":89,"column":57}},"44":{"start":{"line":82,"column":4},"end":{"line":88,"column":5}},"45":{"start":{"line":83,"column":21},"end":{"line":83,"column":71}},"46":{"start":{"line":83,"column":39},"end":{"line":83,"column":70}},"47":{"start":{"line":84,"column":6},"end":{"line":87,"column":7}},"48":{"start":{"line":85,"column":8},"end":{"line":85,"column":38}},"49":{"start":{"line":86,"column":8},"end":{"line":86,"column":38}},"50":{"start":{"line":92,"column":25},"end":{"line":113,"column":3}},"51":{"start":{"line":95,"column":27},"end":{"line":95,"column":52}},"52":{"start":{"line":98,"column":4},"end":{"line":110,"column":5}},"53":{"start":{"line":98,"column":20},"end":{"line":98,"column":21}},"54":{"start":{"line":99,"column":19},"end":{"line":99,"column":69}},"55":{"start":{"line":102,"column":20},"end":{"line":103,"column":null}},"56":{"start":{"line":103,"column":8},"end":{"line":103,"column":60}},"57":{"start":{"line":106,"column":6},"end":{"line":109,"column":7}},"58":{"start":{"line":107,"column":19},"end":{"line":107,"column":39}},"59":{"start":{"line":108,"column":8},"end":{"line":108,"column":28}},"60":{"start":{"line":112,"column":4},"end":{"line":112,"column":16}},"61":{"start":{"line":116,"column":23},"end":{"line":132,"column":3}},"62":{"start":{"line":117,"column":4},"end":{"line":117,"column":24}},"63":{"start":{"line":119,"column":19},"end":{"line":119,"column":45}},"64":{"start":{"line":121,"column":4},"end":{"line":129,"column":5}},"65":{"start":{"line":123,"column":6},"end":{"line":123,"column":52}},"66":{"start":{"line":124,"column":6},"end":{"line":124,"column":44}},"67":{"start":{"line":127,"column":6},"end":{"line":127,"column":36}},"68":{"start":{"line":128,"column":6},"end":{"line":128,"column":36}},"69":{"start":{"line":131,"column":4},"end":{"line":131,"column":34}},"70":{"start":{"line":135,"column":27},"end":{"line":139,"column":3}},"71":{"start":{"line":136,"column":4},"end":{"line":136,"column":43}},"72":{"start":{"line":137,"column":4},"end":{"line":137,"column":34}},"73":{"start":{"line":138,"column":4},"end":{"line":138,"column":52}},"74":{"start":{"line":142,"column":26},"end":{"line":145,"column":3}},"75":{"start":{"line":143,"column":4},"end":{"line":143,"column":35}},"76":{"start":{"line":144,"column":4},"end":{"line":144,"column":34}},"77":{"start":{"line":148,"column":25},"end":{"line":150,"column":10}},"78":{"start":{"line":149,"column":24},"end":{"line":149,"column":55}},"79":{"start":{"line":153,"column":21},"end":{"line":153,"column":43}},"80":{"start":{"line":153,"column":27},"end":{"line":153,"column":43}},"81":{"start":{"line":155,"column":2},"end":{"line":230,"column":4}},"82":{"start":{"line":222,"column":16},"end":{"line":222,"column":46}},"83":{"start":{"line":223,"column":16},"end":{"line":223,"column":46}},"84":{"start":{"line":233,"column":0},"end":{"line":233,"column":19}}},"fnMap":{"0":{"name":"(anonymous_1)","decl":{"start":{"line":17,"column":12},"end":{"line":17,"column":15}},"loc":{"start":{"line":17,"column":17},"end":{"line":231,"column":1}}},"1":{"name":"(anonymous_2)","decl":{"start":{"line":48,"column":12},"end":{"line":48,"column":15}},"loc":{"start":{"line":48,"column":17},"end":{"line":51,"column":3}}},"2":{"name":"(anonymous_3)","decl":{"start":{"line":54,"column":12},"end":{"line":54,"column":15}},"loc":{"start":{"line":54,"column":17},"end":{"line":78,"column":3}}},"3":{"name":"(anonymous_4)","decl":{"start":{"line":55,"column":22},"end":{"line":55,"column":27}},"loc":{"start":{"line":55,"column":33},"end":{"line":75,"column":5}}},"4":{"name":"(anonymous_5)","decl":{"start":{"line":81,"column":12},"end":{"line":81,"column":15}},"loc":{"start":{"line":81,"column":17},"end":{"line":89,"column":3}}},"5":{"name":"(anonymous_6)","decl":{"start":{"line":83,"column":32},"end":{"line":83,"column":33}},"loc":{"start":{"line":83,"column":39},"end":{"line":83,"column":70}}},"6":{"name":"(anonymous_7)","decl":{"start":{"line":92,"column":25},"end":{"line":92,"column":30}},"loc":{"start":{"line":94,"column":52},"end":{"line":113,"column":3}}},"7":{"name":"(anonymous_8)","decl":{"start":{"line":102,"column":38},"end":{"line":102,"column":39}},"loc":{"start":{"line":103,"column":8},"end":{"line":103,"column":60}}},"8":{"name":"(anonymous_9)","decl":{"start":{"line":116,"column":23},"end":{"line":116,"column":28}},"loc":{"start":{"line":116,"column":46},"end":{"line":132,"column":3}}},"9":{"name":"(anonymous_10)","decl":{"start":{"line":135,"column":27},"end":{"line":135,"column":28}},"loc":{"start":{"line":135,"column":44},"end":{"line":139,"column":3}}},"10":{"name":"(anonymous_11)","decl":{"start":{"line":142,"column":26},"end":{"line":142,"column":27}},"loc":{"start":{"line":142,"column":41},"end":{"line":145,"column":3}}},"11":{"name":"(anonymous_12)","decl":{"start":{"line":149,"column":17},"end":{"line":149,"column":18}},"loc":{"start":{"line":149,"column":24},"end":{"line":149,"column":55}}},"12":{"name":"(anonymous_13)","decl":{"start":{"line":153,"column":21},"end":{"line":153,"column":24}},"loc":{"start":{"line":153,"column":27},"end":{"line":153,"column":43}}},"13":{"name":"(anonymous_14)","decl":{"start":{"line":221,"column":23},"end":{"line":221,"column":26}},"loc":{"start":{"line":221,"column":28},"end":{"line":224,"column":15}}}},"branchMap":{"0":{"loc":{"start":{"line":44,"column":22},"end":{"line":44,"column":59}},"type":"binary-expr","locations":[{"start":{"line":44,"column":22},"end":{"line":44,"column":54}},{"start":{"line":44,"column":58},"end":{"line":44,"column":59}}]},"1":{"loc":{"start":{"line":49,"column":20},"end":{"line":49,"column":57}},"type":"binary-expr","locations":[{"start":{"line":49,"column":20},"end":{"line":49,"column":52}},{"start":{"line":49,"column":56},"end":{"line":49,"column":57}}]},"2":{"loc":{"start":{"line":50,"column":4},"end":{"line":50,"column":57}},"type":"if","locations":[{"start":{"line":50,"column":4},"end":{"line":50,"column":57}},{"start":{},"end":{}}]},"3":{"loc":{"start":{"line":67,"column":22},"end":{"line":67,"column":53}},"type":"binary-expr","locations":[{"start":{"line":67,"column":22},"end":{"line":67,"column":48}},{"start":{"line":67,"column":52},"end":{"line":67,"column":53}}]},"4":{"loc":{"start":{"line":70,"column":20},"end":{"line":70,"column":77}},"type":"cond-expr","locations":[{"start":{"line":70,"column":43},"end":{"line":70,"column":54}},{"start":{"line":70,"column":57},"end":{"line":70,"column":77}}]},"5":{"loc":{"start":{"line":82,"column":4},"end":{"line":88,"column":5}},"type":"if","locations":[{"start":{"line":82,"column":4},"end":{"line":88,"column":5}},{"start":{},"end":{}}]},"6":{"loc":{"start":{"line":84,"column":6},"end":{"line":87,"column":7}},"type":"if","locations":[{"start":{"line":84,"column":6},"end":{"line":87,"column":7}},{"start":{},"end":{}}]},"7":{"loc":{"start":{"line":106,"column":6},"end":{"line":109,"column":7}},"type":"if","locations":[{"start":{"line":106,"column":6},"end":{"line":109,"column":7}},{"start":{},"end":{}}]},"8":{"loc":{"start":{"line":121,"column":4},"end":{"line":129,"column":5}},"type":"if","locations":[{"start":{"line":121,"column":4},"end":{"line":129,"column":5}},{"start":{"line":125,"column":11},"end":{"line":129,"column":5}}]},"9":{"loc":{"start":{"line":148,"column":25},"end":{"line":150,"column":10}},"type":"cond-expr","locations":[{"start":{"line":149,"column":6},"end":{"line":149,"column":56}},{"start":{"line":150,"column":6},"end":{"line":150,"column":10}}]},"10":{"loc":{"start":{"line":186,"column":13},"end":{"line":186,"column":34}},"type":"binary-expr","locations":[{"start":{"line":186,"column":13},"end":{"line":186,"column":20}},{"start":{"line":186,"column":24},"end":{"line":186,"column":34}}]},"11":{"loc":{"start":{"line":187,"column":13},"end":{"line":187,"column":65}},"type":"binary-expr","locations":[{"start":{"line":187,"column":13},"end":{"line":187,"column":18}},{"start":{"line":187,"column":22},"end":{"line":187,"column":65}}]},"12":{"loc":{"start":{"line":190,"column":13},"end":{"line":209,"column":null}},"type":"binary-expr","locations":[{"start":{"line":190,"column":13},"end":{"line":190,"column":21}},{"start":{"line":190,"column":25},"end":{"line":190,"column":31}},{"start":{"line":191,"column":14},"end":{"line":208,"column":null}}]},"13":{"loc":{"start":{"line":198,"column":17},"end":{"line":203,"column":null}},"type":"binary-expr","locations":[{"start":{"line":198,"column":17},"end":{"line":198,"column":31}},{"start":{"line":199,"column":18},"end":{"line":202,"column":null}}]},"14":{"loc":{"start":{"line":214,"column":13},"end":{"line":214,"column":42}},"type":"binary-expr","locations":[{"start":{"line":214,"column":13},"end":{"line":214,"column":20}},{"start":{"line":214,"column":24},"end":{"line":214,"column":42}}]},"15":{"loc":{"start":{"line":218,"column":11},"end":{"line":225,"column":null}},"type":"binary-expr","locations":[{"start":{"line":218,"column":11},"end":{"line":218,"column":25}},{"start":{"line":219,"column":12},"end":{"line":224,"column":null}}]}},"s":{"0":1,"1":1,"2":1,"3":1,"4":1,"5":1,"6":1,"7":1,"8":1,"9":1,"10":1,"11":1,"12":1,"13":1,"14":7,"15":7,"16":7,"17":7,"18":7,"19":7,"20":7,"21":7,"22":7,"23":7,"24":7,"25":7,"26":2,"27":2,"28":0,"29":7,"30":2,"31":2,"32":2,"33":2,"34":2,"35":2,"36":2,"37":2,"38":2,"39":0,"40":0,"41":2,"42":2,"43":7,"44":6,"45":2,"46":2,"47":2,"48":0,"49":0,"50":7,"51":1,"52":1,"53":1,"54":1,"55":1,"56":1,"57":1,"58":1,"59":1,"60":0,"61":7,"62":1,"63":1,"64":1,"65":1,"66":1,"67":0,"68":0,"69":1,"70":7,"71":0,"72":0,"73":0,"74":7,"75":0,"76":0,"77":7,"78":2,"79":7,"80":0,"81":7,"82":0,"83":0,"84":1},"f":{"0":7,"1":2,"2":2,"3":2,"4":6,"5":2,"6":1,"7":1,"8":1,"9":0,"10":0,"11":2,"12":0,"13":0},"b":{"0":[7,5],"1":[2,1],"2":[0,2],"3":[2,1],"4":[0,0],"5":[2,4],"6":[0,2],"7":[1,0],"8":[1,0],"9":[2,5],"10":[7,2],"11":[7,0],"12":[7,5,5],"13":[5,0],"14":[7,0],"15":[7,2]}}
,"D:\\RS\\rs-react-2025\\rs-react-app\\src\\main.tsx": {"path":"D:\\RS\\rs-react-2025\\rs-react-app\\src\\main.tsx","statementMap":{"0":{"start":{"line":1,"column":0},"end":{"line":1,"column":35}},"1":{"start":{"line":2,"column":0},"end":{"line":2,"column":46}},"2":{"start":{"line":3,"column":0},"end":{"line":3,"column":49}},"3":{"start":{"line":4,"column":0},"end":{"line":4,"column":21}},"4":{"start":{"line":5,"column":0},"end":{"line":5,"column":43}},"5":{"start":{"line":7,"column":20},"end":{"line":7,"column":51}},"6":{"start":{"line":8,"column":0},"end":{"line":8,"column":69}},"7":{"start":{"line":8,"column":18},"end":{"line":8,"column":69}},"8":{"start":{"line":10,"column":0},"end":{"line":16,"column":2}}},"fnMap":{},"branchMap":{"0":{"loc":{"start":{"line":8,"column":0},"end":{"line":8,"column":69}},"type":"if","locations":[{"start":{"line":8,"column":0},"end":{"line":8,"column":69}},{"start":{},"end":{}}]}},"s":{"0":0,"1":0,"2":0,"3":0,"4":0,"5":0,"6":0,"7":0,"8":0},"f":{},"b":{"0":[0,0]}}
,"D:\\RS\\rs-react-2025\\rs-react-app\\src\\components\\BuggyComponent.tsx": {"path":"D:\\RS\\rs-react-2025\\rs-react-app\\src\\components\\BuggyComponent.tsx","statementMap":{"0":{"start":{"line":1,"column":23},"end":{"line":5,"column":1}},"1":{"start":{"line":2,"column":2},"end":{"line":2,"column":74}},"2":{"start":{"line":4,"column":2},"end":{"line":4,"column":14}},"3":{"start":{"line":7,"column":0},"end":{"line":7,"column":30}}},"fnMap":{"0":{"name":"(anonymous_0)","decl":{"start":{"line":1,"column":23},"end":{"line":1,"column":26}},"loc":{"start":{"line":1,"column":28},"end":{"line":5,"column":1}}}},"branchMap":{},"s":{"0":1,"1":0,"2":0,"3":1},"f":{"0":0},"b":{}}
,"D:\\RS\\rs-react-2025\\rs-react-app\\src\\components\\Card.tsx": {"path":"D:\\RS\\rs-react-2025\\rs-react-app\\src\\components\\Card.tsx","statementMap":{"0":{"start":{"line":10,"column":19},"end":{"line":10,"column":33}},"1":{"start":{"line":11,"column":2},"end":{"line":11,"column":31}},"2":{"start":{"line":14,"column":13},"end":{"line":29,"column":1}},"3":{"start":{"line":15,"column":44},"end":{"line":15,"column":50}},"4":{"start":{"line":16,"column":13},"end":{"line":16,"column":27}},"5":{"start":{"line":18,"column":22},"end":{"line":20,"column":3}},"6":{"start":{"line":19,"column":4},"end":{"line":19,"column":18}},"7":{"start":{"line":22,"column":2},"end":{"line":28,"column":4}},"8":{"start":{"line":31,"column":0},"end":{"line":31,"column":20}}},"fnMap":{"0":{"name":"extractId","decl":{"start":{"line":9,"column":9},"end":{"line":9,"column":18}},"loc":{"start":{"line":9,"column":30},"end":{"line":12,"column":1}}},"1":{"name":"(anonymous_1)","decl":{"start":{"line":14,"column":13},"end":{"line":14,"column":14}},"loc":{"start":{"line":14,"column":44},"end":{"line":29,"column":1}}},"2":{"name":"(anonymous_2)","decl":{"start":{"line":18,"column":22},"end":{"line":18,"column":25}},"loc":{"start":{"line":18,"column":27},"end":{"line":20,"column":3}}}},"branchMap":{"0":{"loc":{"start":{"line":11,"column":9},"end":{"line":11,"column":30}},"type":"binary-expr","locations":[{"start":{"line":11,"column":9},"end":{"line":11,"column":24}},{"start":{"line":11,"column":28},"end":{"line":11,"column":30}}]}},"s":{"0":9,"1":9,"2":3,"3":9,"4":9,"5":9,"6":0,"7":9,"8":3},"f":{"0":9,"1":9,"2":0},"b":{"0":[9,0]}}
,"D:\\RS\\rs-react-2025\\rs-react-app\\src\\components\\CardList.tsx": {"path":"D:\\RS\\rs-react-2025\\rs-react-app\\src\\components\\CardList.tsx","statementMap":{"0":{"start":{"line":1,"column":0},"end":{"line":1,"column":40}},"1":{"start":{"line":2,"column":0},"end":{"line":2,"column":26}},"2":{"start":{"line":11,"column":17},"end":{"line":38,"column":1}},"3":{"start":{"line":12,"column":2},"end":{"line":37,"column":4}},"4":{"start":{"line":16,"column":19},"end":{"line":16,"column":62}},"5":{"start":{"line":17,"column":21},"end":{"line":17,"column":57}},"6":{"start":{"line":19,"column":8},"end":{"line":34,"column":10}},"7":{"start":{"line":40,"column":0},"end":{"line":40,"column":24}}},"fnMap":{"0":{"name":"(anonymous_1)","decl":{"start":{"line":11,"column":17},"end":{"line":11,"column":18}},"loc":{"start":{"line":11,"column":68},"end":{"line":38,"column":1}}},"1":{"name":"(anonymous_2)","decl":{"start":{"line":15,"column":17},"end":{"line":15,"column":18}},"loc":{"start":{"line":15,"column":28},"end":{"line":35,"column":7}}}},"branchMap":{"0":{"loc":{"start":{"line":11,"column":40},"end":{"line":11,"column":55}},"type":"default-arg","locations":[{"start":{"line":11,"column":54},"end":{"line":11,"column":55}}]}},"s":{"0":2,"1":2,"2":2,"3":9,"4":8,"5":8,"6":8,"7":2},"f":{"0":9,"1":8},"b":{"0":[4]}}
,"D:\\RS\\rs-react-2025\\rs-react-app\\src\\components\\DetailsPanel.tsx": {"path":"D:\\RS\\rs-react-2025\\rs-react-app\\src\\components\\DetailsPanel.tsx","statementMap":{"0":{"start":{"line":8,"column":21},"end":{"line":24,"column":1}},"1":{"start":{"line":9,"column":2},"end":{"line":23,"column":4}},"2":{"start":{"line":26,"column":0},"end":{"line":26,"column":28}}},"fnMap":{"0":{"name":"(anonymous_0)","decl":{"start":{"line":8,"column":21},"end":{"line":8,"column":22}},"loc":{"start":{"line":8,"column":52},"end":{"line":24,"column":1}}}},"branchMap":{},"s":{"0":1,"1":2,"2":1},"f":{"0":2},"b":{}}
,"D:\\RS\\rs-react-2025\\rs-react-app\\src\\components\\ErrorBoundary.tsx": {"path":"D:\\RS\\rs-react-2025\\rs-react-app\\src\\components\\ErrorBoundary.tsx","statementMap":{"0":{"start":{"line":1,"column":0},"end":{"line":1,"column":26}},"1":{"start":{"line":14,"column":4},"end":{"line":14,"column":17}},"2":{"start":{"line":15,"column":4},"end":{"line":15,"column":37}},"3":{"start":{"line":19,"column":4},"end":{"line":19,"column":30}},"4":{"start":{"line":23,"column":4},"end":{"line":23,"column":60}},"5":{"start":{"line":27,"column":4},"end":{"line":37,"column":5}},"6":{"start":{"line":28,"column":6},"end":{"line":36,"column":8}},"7":{"start":{"line":39,"column":4},"end":{"line":39,"column":31}},"8":{"start":{"line":43,"column":0},"end":{"line":43,"column":29}}},"fnMap":{"0":{"name":"(anonymous_1)","decl":{"start":{"line":13,"column":2},"end":{"line":13,"column":14}},"loc":{"start":{"line":13,"column":26},"end":{"line":16,"column":3}}},"1":{"name":"(anonymous_2)","decl":{"start":{"line":18,"column":2},"end":{"line":18,"column":8}},"loc":{"start":{"line":18,"column":33},"end":{"line":20,"column":3}}},"2":{"name":"(anonymous_3)","decl":{"start":{"line":22,"column":2},"end":{"line":22,"column":19}},"loc":{"start":{"line":22,"column":55},"end":{"line":24,"column":3}}},"3":{"name":"(anonymous_4)","decl":{"start":{"line":26,"column":2},"end":{"line":26,"column":8}},"loc":{"start":{"line":26,"column":8},"end":{"line":40,"column":3}}}},"branchMap":{"0":{"loc":{"start":{"line":27,"column":4},"end":{"line":37,"column":5}},"type":"if","locations":[{"start":{"line":27,"column":4},"end":{"line":37,"column":5}},{"start":{},"end":{}}]},"1":{"loc":{"start":{"line":29,"column":8},"end":{"line":34,"column":null}},"type":"binary-expr","locations":[{"start":{"line":29,"column":8},"end":{"line":29,"column":27}},{"start":{"line":30,"column":10},"end":{"line":33,"column":null}}]}},"s":{"0":2,"1":7,"2":6,"3":4,"4":2,"5":16,"6":4,"7":12,"8":2},"f":{"0":7,"1":4,"2":2,"3":16},"b":{"0":[4,12],"1":[4,2]}}
,"D:\\RS\\rs-react-2025\\rs-react-app\\src\\components\\Loader.tsx": {"path":"D:\\RS\\rs-react-2025\\rs-react-app\\src\\components\\Loader.tsx","statementMap":{"0":{"start":{"line":2,"column":15},"end":{"line":4,"column":1}},"1":{"start":{"line":3,"column":2},"end":{"line":3,"column":36}},"2":{"start":{"line":6,"column":0},"end":{"line":6,"column":22}}},"fnMap":{"0":{"name":"(anonymous_0)","decl":{"start":{"line":2,"column":15},"end":{"line":2,"column":18}},"loc":{"start":{"line":2,"column":20},"end":{"line":4,"column":1}}}},"branchMap":{},"s":{"0":2,"1":4,"2":2},"f":{"0":4},"b":{}}
,"D:\\RS\\rs-react-2025\\rs-react-app\\src\\components\\Navigation.tsx": {"path":"D:\\RS\\rs-react-2025\\rs-react-app\\src\\components\\Navigation.tsx","statementMap":{"0":{"start":{"line":3,"column":0},"end":{"line":3,"column":16}},"1":{"start":{"line":1,"column":0},"end":{"line":1,"column":43}},"2":{"start":{"line":4,"column":2},"end":{"line":28,"column":4}},"3":{"start":{"line":17,"column":38},"end":{"line":17,"column":71}},"4":{"start":{"line":23,"column":38},"end":{"line":23,"column":71}}},"fnMap":{"0":{"name":"Navigation","decl":{"start":{"line":3,"column":16},"end":{"line":3,"column":26}},"loc":{"start":{"line":3,"column":26},"end":{"line":29,"column":1}}},"1":{"name":"(anonymous_1)","decl":{"start":{"line":17,"column":19},"end":{"line":17,"column":20}},"loc":{"start":{"line":17,"column":38},"end":{"line":17,"column":71}}},"2":{"name":"(anonymous_2)","decl":{"start":{"line":23,"column":19},"end":{"line":23,"column":20}},"loc":{"start":{"line":23,"column":38},"end":{"line":23,"column":71}}}},"branchMap":{"0":{"loc":{"start":{"line":17,"column":38},"end":{"line":17,"column":71}},"type":"cond-expr","locations":[{"start":{"line":17,"column":49},"end":{"line":17,"column":62}},{"start":{"line":17,"column":65},"end":{"line":17,"column":71}}]},"1":{"loc":{"start":{"line":23,"column":38},"end":{"line":23,"column":71}},"type":"cond-expr","locations":[{"start":{"line":23,"column":49},"end":{"line":23,"column":62}},{"start":{"line":23,"column":65},"end":{"line":23,"column":71}}]}},"s":{"0":2,"1":2,"2":8,"3":8,"4":8},"f":{"0":8,"1":8,"2":8},"b":{"0":[8,0],"1":[0,8]}}
,"D:\\RS\\rs-react-2025\\rs-react-app\\src\\components\\Pagination.tsx": {"path":"D:\\RS\\rs-react-2025\\rs-react-app\\src\\components\\Pagination.tsx","statementMap":{"0":{"start":{"line":2,"column":0},"end":{"line":2,"column":45}},"1":{"start":{"line":19,"column":2},"end":{"line":19,"column":35}},"2":{"start":{"line":19,"column":23},"end":{"line":19,"column":35}},"3":{"start":{"line":22,"column":25},"end":{"line":38,"column":3}},"4":{"start":{"line":23,"column":21},"end":{"line":23,"column":22}},"5":{"start":{"line":26,"column":16},"end":{"line":26,"column":67}},"6":{"start":{"line":29,"column":16},"end":{"line":29,"column":58}},"7":{"start":{"line":34,"column":4},"end":{"line":34,"column":44}},"8":{"start":{"line":37,"column":4},"end":{"line":37,"column":72}},"9":{"start":{"line":37,"column":61},"end":{"line":37,"column":70}},"10":{"start":{"line":40,"column":22},"end":{"line":40,"column":38}},"11":{"start":{"line":41,"column":19},"end":{"line":41,"column":37}},"12":{"start":{"line":43,"column":2},"end":{"line":108,"column":4}},"13":{"start":{"line":50,"column":23},"end":{"line":50,"column":38}},"14":{"start":{"line":60,"column":23},"end":{"line":60,"column":52}},"15":{"start":{"line":73,"column":8},"end":{"line":74,"column":null}},"16":{"start":{"line":75,"column":25},"end":{"line":75,"column":43}},"17":{"start":{"line":90,"column":23},"end":{"line":90,"column":52}},"18":{"start":{"line":100,"column":23},"end":{"line":100,"column":47}},"19":{"start":{"line":111,"column":0},"end":{"line":111,"column":26}}},"fnMap":{"0":{"name":"Pagination","decl":{"start":{"line":12,"column":9},"end":{"line":12,"column":19}},"loc":{"start":{"line":17,"column":8},"end":{"line":109,"column":1}}},"1":{"name":"(anonymous_2)","decl":{"start":{"line":22,"column":25},"end":{"line":22,"column":38}},"loc":{"start":{"line":22,"column":40},"end":{"line":38,"column":3}}},"2":{"name":"(anonymous_3)","decl":{"start":{"line":37,"column":51},"end":{"line":37,"column":52}},"loc":{"start":{"line":37,"column":61},"end":{"line":37,"column":70}}},"3":{"name":"(anonymous_4)","decl":{"start":{"line":50,"column":17},"end":{"line":50,"column":20}},"loc":{"start":{"line":50,"column":23},"end":{"line":50,"column":38}}},"4":{"name":"(anonymous_5)","decl":{"start":{"line":60,"column":17},"end":{"line":60,"column":20}},"loc":{"start":{"line":60,"column":23},"end":{"line":60,"column":52}}},"5":{"name":"(anonymous_6)","decl":{"start":{"line":72,"column":23},"end":{"line":72,"column":24}},"loc":{"start":{"line":73,"column":8},"end":{"line":74,"column":null}}},"6":{"name":"(anonymous_7)","decl":{"start":{"line":75,"column":19},"end":{"line":75,"column":22}},"loc":{"start":{"line":75,"column":25},"end":{"line":75,"column":43}}},"7":{"name":"(anonymous_8)","decl":{"start":{"line":90,"column":17},"end":{"line":90,"column":20}},"loc":{"start":{"line":90,"column":23},"end":{"line":90,"column":52}}},"8":{"name":"(anonymous_9)","decl":{"start":{"line":100,"column":17},"end":{"line":100,"column":20}},"loc":{"start":{"line":100,"column":23},"end":{"line":100,"column":47}}}},"branchMap":{"0":{"loc":{"start":{"line":16,"column":2},"end":{"line":16,"column":16}},"type":"default-arg","locations":[{"start":{"line":16,"column":14},"end":{"line":16,"column":16}}]},"1":{"loc":{"start":{"line":19,"column":2},"end":{"line":19,"column":35}},"type":"if","locations":[{"start":{"line":19,"column":2},"end":{"line":19,"column":35}},{"start":{},"end":{}}]},"2":{"loc":{"start":{"line":52,"column":41},"end":{"line":52,"column":81}},"type":"cond-expr","locations":[{"start":{"line":52,"column":61},"end":{"line":52,"column":76}},{"start":{"line":52,"column":79},"end":{"line":52,"column":81}}]},"3":{"loc":{"start":{"line":62,"column":41},"end":{"line":62,"column":81}},"type":"cond-expr","locations":[{"start":{"line":62,"column":61},"end":{"line":62,"column":76}},{"start":{"line":62,"column":79},"end":{"line":62,"column":81}}]},"4":{"loc":{"start":{"line":69,"column":7},"end":{"line":69,"column":71}},"type":"binary-expr","locations":[{"start":{"line":69,"column":7},"end":{"line":69,"column":25}},{"start":{"line":69,"column":29},"end":{"line":69,"column":71}}]},"5":{"loc":{"start":{"line":76,"column":43},"end":{"line":76,"column":84}},"type":"cond-expr","locations":[{"start":{"line":76,"column":66},"end":{"line":76,"column":79}},{"start":{"line":76,"column":82},"end":{"line":76,"column":84}}]},"6":{"loc":{"start":{"line":77,"column":24},"end":{"line":77,"column":65}},"type":"cond-expr","locations":[{"start":{"line":77,"column":47},"end":{"line":77,"column":53}},{"start":{"line":77,"column":56},"end":{"line":77,"column":65}}]},"7":{"loc":{"start":{"line":84,"column":7},"end":{"line":85,"column":null}},"type":"binary-expr","locations":[{"start":{"line":84,"column":7},"end":{"line":84,"column":29}},{"start":{"line":84,"column":33},"end":{"line":84,"column":54}},{"start":{"line":85,"column":8},"end":{"line":85,"column":50}}]},"8":{"loc":{"start":{"line":92,"column":41},"end":{"line":92,"column":90}},"type":"cond-expr","locations":[{"start":{"line":92,"column":70},"end":{"line":92,"column":85}},{"start":{"line":92,"column":88},"end":{"line":92,"column":90}}]},"9":{"loc":{"start":{"line":102,"column":41},"end":{"line":102,"column":90}},"type":"cond-expr","locations":[{"start":{"line":102,"column":70},"end":{"line":102,"column":85}},{"start":{"line":102,"column":88},"end":{"line":102,"column":90}}]}},"s":{"0":2,"1":7,"2":1,"3":6,"4":6,"5":6,"6":6,"7":6,"8":6,"9":30,"10":6,"11":6,"12":6,"13":1,"14":1,"15":30,"16":1,"17":1,"18":1,"19":2},"f":{"0":7,"1":6,"2":30,"3":1,"4":1,"5":30,"6":1,"7":1,"8":1},"b":{"0":[7],"1":[1,6],"2":[1,5],"3":[1,5],"4":[6,2],"5":[6,24],"6":[6,24],"7":[6,6,5],"8":[1,5],"9":[1,5]}}
,"D:\\RS\\rs-react-2025\\rs-react-app\\src\\components\\SearchBar.tsx": {"path":"D:\\RS\\rs-react-2025\\rs-react-app\\src\\components\\SearchBar.tsx","statementMap":{"0":{"start":{"line":1,"column":0},"end":{"line":1,"column":33}},"1":{"start":{"line":10,"column":28},"end":{"line":10,"column":50}},"2":{"start":{"line":12,"column":23},"end":{"line":14,"column":3}},"3":{"start":{"line":13,"column":4},"end":{"line":13,"column":29}},"4":{"start":{"line":16,"column":23},"end":{"line":19,"column":3}},"5":{"start":{"line":17,"column":17},"end":{"line":17,"column":29}},"6":{"start":{"line":18,"column":4},"end":{"line":18,"column":19}},"7":{"start":{"line":21,"column":2},"end":{"line":38,"column":4}},"8":{"start":{"line":41,"column":0},"end":{"line":41,"column":25}}},"fnMap":{"0":{"name":"SearchBar","decl":{"start":{"line":9,"column":9},"end":{"line":9,"column":18}},"loc":{"start":{"line":9,"column":57},"end":{"line":39,"column":1}}},"1":{"name":"(anonymous_1)","decl":{"start":{"line":12,"column":23},"end":{"line":12,"column":24}},"loc":{"start":{"line":12,"column":66},"end":{"line":14,"column":3}}},"2":{"name":"(anonymous_2)","decl":{"start":{"line":16,"column":23},"end":{"line":16,"column":26}},"loc":{"start":{"line":16,"column":28},"end":{"line":19,"column":3}}}},"branchMap":{"0":{"loc":{"start":{"line":9,"column":31},"end":{"line":9,"column":48}},"type":"default-arg","locations":[{"start":{"line":9,"column":46},"end":{"line":9,"column":48}}]}},"s":{"0":2,"1":15,"2":15,"3":3,"4":15,"5":2,"6":2,"7":15,"8":2},"f":{"0":15,"1":3,"2":2},"b":{"0":[5]}}
,"D:\\RS\\rs-react-2025\\rs-react-app\\src\\hooks\\useLocalStorage.ts": {"path":"D:\\RS\\rs-react-2025\\rs-react-app\\src\\hooks\\useLocalStorage.ts","statementMap":{"0":{"start":{"line":8,"column":0},"end":{"line":8,"column":16}},"1":{"start":{"line":1,"column":0},"end":{"line":1,"column":33}},"2":{"start":{"line":9,"column":28},"end":{"line":17,"column":4}},"3":{"start":{"line":11,"column":4},"end":{"line":16,"column":5}},"4":{"start":{"line":12,"column":6},"end":{"line":12,"column":55}},"5":{"start":{"line":15,"column":6},"end":{"line":15,"column":26}},"6":{"start":{"line":19,"column":22},"end":{"line":22,"column":3}},"7":{"start":{"line":20,"column":4},"end":{"line":20,"column":40}},"8":{"start":{"line":21,"column":4},"end":{"line":21,"column":23}},"9":{"start":{"line":24,"column":2},"end":{"line":24,"column":39}}},"fnMap":{"0":{"name":"useLocalStorage","decl":{"start":{"line":8,"column":16},"end":{"line":8,"column":31}},"loc":{"start":{"line":8,"column":65},"end":{"line":25,"column":1}}},"1":{"name":"(anonymous_1)","decl":{"start":{"line":9,"column":37},"end":{"line":9,"column":40}},"loc":{"start":{"line":9,"column":42},"end":{"line":17,"column":3}}},"2":{"name":"(anonymous_2)","decl":{"start":{"line":19,"column":22},"end":{"line":19,"column":23}},"loc":{"start":{"line":19,"column":43},"end":{"line":22,"column":3}}}},"branchMap":{"0":{"loc":{"start":{"line":12,"column":13},"end":{"line":12,"column":54}},"type":"binary-expr","locations":[{"start":{"line":12,"column":13},"end":{"line":12,"column":38}},{"start":{"line":12,"column":42},"end":{"line":12,"column":54}}]}},"s":{"0":1,"1":1,"2":7,"3":1,"4":1,"5":0,"6":7,"7":1,"8":1,"9":7},"f":{"0":7,"1":1,"2":1},"b":{"0":[1,1]}}
,"D:\\RS\\rs-react-2025\\rs-react-app\\src\\layout\\Layout.tsx": {"path":"D:\\RS\\rs-react-2025\\rs-react-app\\src\\layout\\Layout.tsx","statementMap":{"0":{"start":{"line":3,"column":0},"end":{"line":3,"column":24}},"1":{"start":{"line":1,"column":0},"end":{"line":1,"column":42}},"2":{"start":{"line":4,"column":2},"end":{"line":8,"column":4}}},"fnMap":{"0":{"name":"Layout","decl":{"start":{"line":3,"column":24},"end":{"line":3,"column":30}},"loc":{"start":{"line":3,"column":30},"end":{"line":9,"column":1}}}},"branchMap":{},"s":{"0":0,"1":0,"2":0},"f":{"0":0},"b":{}}
,"D:\\RS\\rs-react-2025\\rs-react-app\\src\\pages\\AboutPage.tsx": {"path":"D:\\RS\\rs-react-2025\\rs-react-app\\src\\pages\\AboutPage.tsx","statementMap":{"0":{"start":{"line":1,"column":0},"end":{"line":1,"column":54}},"1":{"start":{"line":3,"column":18},"end":{"line":15,"column":null}},"2":{"start":{"line":4,"column":2},"end":{"line":14,"column":null}},"3":{"start":{"line":17,"column":0},"end":{"line":17,"column":25}}},"fnMap":{"0":{"name":"(anonymous_0)","decl":{"start":{"line":3,"column":18},"end":{"line":3,"column":21}},"loc":{"start":{"line":4,"column":2},"end":{"line":14,"column":null}}}},"branchMap":{},"s":{"0":1,"1":1,"2":1,"3":1},"f":{"0":1},"b":{}}
,"D:\\RS\\rs-react-2025\\rs-react-app\\src\\pages\\NotFoundPage.tsx": {"path":"D:\\RS\\rs-react-2025\\rs-react-app\\src\\pages\\NotFoundPage.tsx","statementMap":{"0":{"start":{"line":1,"column":0},"end":{"line":1,"column":40}},"1":{"start":{"line":3,"column":21},"end":{"line":7,"column":null}},"2":{"start":{"line":4,"column":2},"end":{"line":6,"column":null}},"3":{"start":{"line":9,"column":0},"end":{"line":9,"column":28}}},"fnMap":{"0":{"name":"(anonymous_0)","decl":{"start":{"line":3,"column":21},"end":{"line":3,"column":24}},"loc":{"start":{"line":4,"column":2},"end":{"line":6,"column":null}}}},"branchMap":{},"s":{"0":1,"1":1,"2":1,"3":1},"f":{"0":1},"b":{}}
,"D:\\RS\\rs-react-2025\\rs-react-app\\src\\router\\AppRouter.tsx": {"path":"D:\\RS\\rs-react-2025\\rs-react-app\\src\\router\\AppRouter.tsx","statementMap":{"0":{"start":{"line":7,"column":0},"end":{"line":7,"column":24}},"1":{"start":{"line":1,"column":0},"end":{"line":1,"column":49}},"2":{"start":{"line":2,"column":0},"end":{"line":2,"column":38}},"3":{"start":{"line":3,"column":0},"end":{"line":3,"column":25}},"4":{"start":{"line":4,"column":0},"end":{"line":4,"column":43}},"5":{"start":{"line":5,"column":0},"end":{"line":5,"column":49}},"6":{"start":{"line":8,"column":2},"end":{"line":17,"column":4}}},"fnMap":{"0":{"name":"AppRouter","decl":{"start":{"line":7,"column":24},"end":{"line":7,"column":33}},"loc":{"start":{"line":7,"column":33},"end":{"line":18,"column":1}}}},"branchMap":{},"s":{"0":0,"1":0,"2":0,"3":0,"4":0,"5":0,"6":0},"f":{"0":0},"b":{}}
,"D:\\RS\\rs-react-2025\\rs-react-app\\src\\utils\\api.ts": {"path":"D:\\RS\\rs-react-2025\\rs-react-app\\src\\utils\\api.ts","statementMap":{"0":{"start":{"line":8,"column":0},"end":{"line":8,"column":7}},"1":{"start":{"line":12,"column":36},"end":{"line":12,"column":43}},"2":{"start":{"line":13,"column":18},"end":{"line":13,"column":35}},"3":{"start":{"line":16,"column":14},"end":{"line":16,"column":61}},"4":{"start":{"line":19,"column":17},"end":{"line":19,"column":38}},"5":{"start":{"line":22,"column":2},"end":{"line":24,"column":3}},"6":{"start":{"line":23,"column":4},"end":{"line":23,"column":37}},"7":{"start":{"line":27,"column":2},"end":{"line":29,"column":3}},"8":{"start":{"line":28,"column":4},"end":{"line":28,"column":43}},"9":{"start":{"line":32,"column":22},"end":{"line":32,"column":39}},"10":{"start":{"line":33,"column":2},"end":{"line":35,"column":3}},"11":{"start":{"line":34,"column":4},"end":{"line":34,"column":29}},"12":{"start":{"line":38,"column":14},"end":{"line":38,"column":41}},"13":{"start":{"line":41,"column":2},"end":{"line":43,"column":3}},"14":{"start":{"line":42,"column":4},"end":{"line":42,"column":63}},"15":{"start":{"line":46,"column":2},"end":{"line":46,"column":20}}},"fnMap":{"0":{"name":"fetchSwapiPeople","decl":{"start":{"line":8,"column":22},"end":{"line":8,"column":38}},"loc":{"start":{"line":9,"column":34},"end":{"line":47,"column":1}}}},"branchMap":{"0":{"loc":{"start":{"line":9,"column":2},"end":{"line":9,"column":34}},"type":"default-arg","locations":[{"start":{"line":9,"column":32},"end":{"line":9,"column":34}}]},"1":{"loc":{"start":{"line":12,"column":10},"end":{"line":12,"column":25}},"type":"default-arg","locations":[{"start":{"line":12,"column":23},"end":{"line":12,"column":25}}]},"2":{"loc":{"start":{"line":22,"column":2},"end":{"line":24,"column":3}},"type":"if","locations":[{"start":{"line":22,"column":2},"end":{"line":24,"column":3}},{"start":{},"end":{}}]},"3":{"loc":{"start":{"line":27,"column":2},"end":{"line":29,"column":3}},"type":"if","locations":[{"start":{"line":27,"column":2},"end":{"line":29,"column":3}},{"start":{},"end":{}}]},"4":{"loc":{"start":{"line":27,"column":6},"end":{"line":27,"column":22}},"type":"binary-expr","locations":[{"start":{"line":27,"column":6},"end":{"line":27,"column":10}},{"start":{"line":27,"column":14},"end":{"line":27,"column":22}}]},"5":{"loc":{"start":{"line":33,"column":2},"end":{"line":35,"column":3}},"type":"if","locations":[{"start":{"line":33,"column":2},"end":{"line":35,"column":3}},{"start":{},"end":{}}]},"6":{"loc":{"start":{"line":41,"column":2},"end":{"line":43,"column":3}},"type":"if","locations":[{"start":{"line":41,"column":2},"end":{"line":43,"column":3}},{"start":{},"end":{}}]}},"s":{"0":2,"1":6,"2":6,"3":6,"4":6,"5":6,"6":4,"7":6,"8":2,"9":6,"10":6,"11":5,"12":6,"13":6,"14":1,"15":5},"f":{"0":6},"b":{"0":[0],"1":[0],"2":[4,2],"3":[2,4],"4":[6,6],"5":[5,1],"6":[1,5]}}
,"D:\\RS\\rs-react-2025\\rs-react-app\\src\\utils\\swapi_id.ts": {"path":"D:\\RS\\rs-react-2025\\rs-react-app\\src\\utils\\swapi_id.ts","statementMap":{"0":{"start":{"line":5,"column":0},"end":{"line":5,"column":16}},"1":{"start":{"line":6,"column":16},"end":{"line":6,"column":30}},"2":{"start":{"line":7,"column":2},"end":{"line":7,"column":28}}},"fnMap":{"0":{"name":"extractId","decl":{"start":{"line":5,"column":16},"end":{"line":5,"column":25}},"loc":{"start":{"line":5,"column":37},"end":{"line":8,"column":1}}}},"branchMap":{"0":{"loc":{"start":{"line":7,"column":9},"end":{"line":7,"column":27}},"type":"binary-expr","locations":[{"start":{"line":7,"column":9},"end":{"line":7,"column":21}},{"start":{"line":7,"column":25},"end":{"line":7,"column":27}}]}},"s":{"0":1,"1":5,"2":5},"f":{"0":5},"b":{"0":[5,0]}}
}
