TN:
SF:src\App.tsx
FN:17,(anonymous_1)
FN:48,(anonymous_2)
FN:54,(anonymous_3)
FN:55,(anonymous_4)
FN:81,(anonymous_5)
FN:83,(anonymous_6)
FN:92,(anonymous_7)
FN:102,(anonymous_8)
FN:116,(anonymous_9)
FN:135,(anonymous_10)
FN:142,(anonymous_11)
FN:149,(anonymous_12)
FN:153,(anonymous_13)
FN:221,(anonymous_14)
FNF:14
FNH:10
FNDA:7,(anonymous_1)
FNDA:2,(anonymous_2)
FNDA:2,(anonymous_3)
FNDA:2,(anonymous_4)
FNDA:6,(anonymous_5)
FNDA:2,(anonymous_6)
FNDA:1,(anonymous_7)
FNDA:1,(anonymous_8)
FNDA:1,(anonymous_9)
FNDA:0,(anonymous_10)
FNDA:0,(anonymous_11)
FNDA:2,(anonymous_12)
FNDA:0,(anonymous_13)
FNDA:0,(anonymous_14)
DA:1,1
DA:2,1
DA:3,1
DA:5,1
DA:6,1
DA:7,1
DA:8,1
DA:9,1
DA:10,1
DA:11,1
DA:12,1
DA:15,1
DA:16,1
DA:17,1
DA:19,7
DA:22,7
DA:25,7
DA:28,7
DA:31,7
DA:32,7
DA:35,7
DA:38,7
DA:41,7
DA:44,7
DA:45,7
DA:48,7
DA:49,2
DA:50,2
DA:54,7
DA:55,2
DA:56,2
DA:57,2
DA:58,2
DA:60,2
DA:62,2
DA:65,2
DA:66,2
DA:67,2
DA:70,0
DA:71,0
DA:73,2
DA:77,2
DA:81,7
DA:82,6
DA:83,2
DA:84,2
DA:85,0
DA:86,0
DA:92,7
DA:95,1
DA:98,1
DA:99,1
DA:102,1
DA:103,1
DA:106,1
DA:107,1
DA:108,1
DA:112,0
DA:116,7
DA:117,1
DA:119,1
DA:121,1
DA:123,1
DA:124,1
DA:127,0
DA:128,0
DA:131,1
DA:135,7
DA:136,0
DA:137,0
DA:138,0
DA:142,7
DA:143,0
DA:144,0
DA:148,7
DA:149,2
DA:153,7
DA:155,7
DA:222,0
DA:223,0
DA:233,1
LF:81
LH:67
BRDA:44,0,0,7
BRDA:44,0,1,5
BRDA:49,1,0,2
BRDA:49,1,1,1
BRDA:50,2,0,0
BRDA:50,2,1,2
BRDA:67,3,0,2
BRDA:67,3,1,1
BRDA:70,4,0,0
BRDA:70,4,1,0
BRDA:82,5,0,2
BRDA:82,5,1,4
BRDA:84,6,0,0
BRDA:84,6,1,2
BRDA:106,7,0,1
BRDA:106,7,1,0
BRDA:121,8,0,1
BRDA:121,8,1,0
BRDA:148,9,0,2
BRDA:148,9,1,5
BRDA:186,10,0,7
BRDA:186,10,1,2
BRDA:187,11,0,7
BRDA:187,11,1,0
BRDA:190,12,0,7
BRDA:190,12,1,5
BRDA:190,12,2,5
BRDA:198,13,0,5
BRDA:198,13,1,0
BRDA:214,14,0,7
BRDA:214,14,1,0
BRDA:218,15,0,7
BRDA:218,15,1,2
BRF:33
BRH:24
end_of_record
TN:
SF:src\main.tsx
FNF:0
FNH:0
DA:1,0
DA:2,0
DA:3,0
DA:4,0
DA:5,0
DA:7,0
DA:8,0
DA:10,0
LF:8
LH:0
BRDA:8,0,0,0
BRDA:8,0,1,0
BRF:2
BRH:0
end_of_record
TN:
SF:src\components\BuggyComponent.tsx
FN:1,(anonymous_0)
FNF:1
FNH:0
FNDA:0,(anonymous_0)
DA:1,1
DA:2,0
DA:4,0
DA:7,1
LF:4
LH:2
BRF:0
BRH:0
end_of_record
TN:
SF:src\components\Card.tsx
FN:9,extractId
FN:14,(anonymous_1)
FN:18,(anonymous_2)
FNF:3
FNH:2
FNDA:9,extractId
FNDA:9,(anonymous_1)
FNDA:0,(anonymous_2)
DA:10,9
DA:11,9
DA:14,3
DA:15,9
DA:16,9
DA:18,9
DA:19,0
DA:22,9
DA:31,3
LF:9
LH:8
BRDA:11,0,0,9
BRDA:11,0,1,0
BRF:2
BRH:1
end_of_record
TN:
SF:src\components\CardList.tsx
FN:11,(anonymous_1)
FN:15,(anonymous_2)
FNF:2
FNH:2
FNDA:9,(anonymous_1)
FNDA:8,(anonymous_2)
DA:1,2
DA:2,2
DA:11,2
DA:12,9
DA:16,8
DA:17,8
DA:19,8
DA:40,2
LF:8
LH:8
BRDA:11,0,0,4
BRF:1
BRH:1
end_of_record
TN:
SF:src\components\DetailsPanel.tsx
FN:8,(anonymous_0)
FNF:1
FNH:1
FNDA:2,(anonymous_0)
DA:8,1
DA:9,2
DA:26,1
LF:3
LH:3
BRF:0
BRH:0
end_of_record
TN:
SF:src\components\ErrorBoundary.tsx
FN:13,(anonymous_1)
FN:18,(anonymous_2)
FN:22,(anonymous_3)
FN:26,(anonymous_4)
FNF:4
FNH:4
FNDA:7,(anonymous_1)
FNDA:4,(anonymous_2)
FNDA:2,(anonymous_3)
FNDA:16,(anonymous_4)
DA:1,2
DA:14,7
DA:15,6
DA:19,4
DA:23,2
DA:27,16
DA:28,4
DA:39,12
DA:43,2
LF:9
LH:9
BRDA:27,0,0,4
BRDA:27,0,1,12
BRDA:29,1,0,4
BRDA:29,1,1,2
BRF:4
BRH:4
end_of_record
TN:
SF:src\components\Loader.tsx
FN:2,(anonymous_0)
FNF:1
FNH:1
FNDA:4,(anonymous_0)
DA:2,2
DA:3,4
DA:6,2
LF:3
LH:3
BRF:0
BRH:0
end_of_record
TN:
SF:src\components\Navigation.tsx
FN:3,Navigation
FN:17,(anonymous_1)
FN:23,(anonymous_2)
FNF:3
FNH:3
FNDA:8,Navigation
FNDA:8,(anonymous_1)
FNDA:8,(anonymous_2)
DA:1,2
DA:3,2
DA:4,8
DA:17,8
DA:23,8
LF:5
LH:5
BRDA:17,0,0,8
BRDA:17,0,1,0
BRDA:23,1,0,0
BRDA:23,1,1,8
BRF:4
BRH:2
end_of_record
TN:
SF:src\components\Pagination.tsx
FN:12,Pagination
FN:22,(anonymous_2)
FN:37,(anonymous_3)
FN:50,(anonymous_4)
FN:60,(anonymous_5)
FN:72,(anonymous_6)
FN:75,(anonymous_7)
FN:90,(anonymous_8)
FN:100,(anonymous_9)
FNF:9
FNH:9
FNDA:7,Pagination
FNDA:6,(anonymous_2)
FNDA:30,(anonymous_3)
FNDA:1,(anonymous_4)
FNDA:1,(anonymous_5)
FNDA:30,(anonymous_6)
FNDA:1,(anonymous_7)
FNDA:1,(anonymous_8)
FNDA:1,(anonymous_9)
DA:2,2
DA:19,7
DA:22,6
DA:23,6
DA:26,6
DA:29,6
DA:34,6
DA:37,30
DA:40,6
DA:41,6
DA:43,6
DA:50,1
DA:60,1
DA:73,30
DA:75,1
DA:90,1
DA:100,1
DA:111,2
LF:18
LH:18
BRDA:16,0,0,7
BRDA:19,1,0,1
BRDA:19,1,1,6
BRDA:52,2,0,1
BRDA:52,2,1,5
BRDA:62,3,0,1
BRDA:62,3,1,5
BRDA:69,4,0,6
BRDA:69,4,1,2
BRDA:76,5,0,6
BRDA:76,5,1,24
BRDA:77,6,0,6
BRDA:77,6,1,24
BRDA:84,7,0,6
BRDA:84,7,1,6
BRDA:84,7,2,5
BRDA:92,8,0,1
BRDA:92,8,1,5
BRDA:102,9,0,1
BRDA:102,9,1,5
BRF:20
BRH:20
end_of_record
TN:
SF:src\components\SearchBar.tsx
FN:9,SearchBar
FN:12,(anonymous_1)
FN:16,(anonymous_2)
FNF:3
FNH:3
FNDA:15,SearchBar
FNDA:3,(anonymous_1)
FNDA:2,(anonymous_2)
DA:1,2
DA:10,15
DA:12,15
DA:13,3
DA:16,15
DA:17,2
DA:18,2
DA:21,15
DA:41,2
LF:9
LH:9
BRDA:9,0,0,5
BRF:1
BRH:1
end_of_record
TN:
SF:src\hooks\useLocalStorage.ts
FN:8,useLocalStorage
FN:9,(anonymous_1)
FN:19,(anonymous_2)
FNF:3
FNH:3
FNDA:7,useLocalStorage
FNDA:1,(anonymous_1)
FNDA:1,(anonymous_2)
DA:1,1
DA:8,1
DA:9,7
DA:11,1
DA:12,1
DA:15,0
DA:19,7
DA:20,1
DA:21,1
DA:24,7
LF:10
LH:9
BRDA:12,0,0,1
BRDA:12,0,1,1
BRF:2
BRH:2
end_of_record
TN:
SF:src\layout\Layout.tsx
FN:3,Layout
FNF:1
FNH:0
FNDA:0,Layout
DA:1,0
DA:3,0
DA:4,0
LF:3
LH:0
BRF:0
BRH:0
end_of_record
TN:
SF:src\pages\AboutPage.tsx
FN:3,(anonymous_0)
FNF:1
FNH:1
FNDA:1,(anonymous_0)
DA:1,1
DA:3,1
DA:4,1
DA:17,1
LF:4
LH:4
BRF:0
BRH:0
end_of_record
TN:
SF:src\pages\NotFoundPage.tsx
FN:3,(anonymous_0)
FNF:1
FNH:1
FNDA:1,(anonymous_0)
DA:1,1
DA:3,1
DA:4,1
DA:9,1
LF:4
LH:4
BRF:0
BRH:0
end_of_record
TN:
SF:src\router\AppRouter.tsx
FN:7,AppRouter
FNF:1
FNH:0
FNDA:0,AppRouter
DA:1,0
DA:2,0
DA:3,0
DA:4,0
DA:5,0
DA:7,0
DA:8,0
LF:7
LH:0
BRF:0
BRH:0
end_of_record
TN:
SF:src\utils\api.ts
FN:8,fetchSwapiPeople
FNF:1
FNH:1
FNDA:6,fetchSwapiPeople
DA:8,2
DA:12,6
DA:13,6
DA:16,6
DA:19,6
DA:22,6
DA:23,4
DA:27,6
DA:28,2
DA:32,6
DA:33,6
DA:34,5
DA:38,6
DA:41,6
DA:42,1
DA:46,5
LF:16
LH:16
BRDA:9,0,0,0
BRDA:12,1,0,0
BRDA:22,2,0,4
BRDA:22,2,1,2
BRDA:27,3,0,2
BRDA:27,3,1,4
BRDA:27,4,0,6
BRDA:27,4,1,6
BRDA:33,5,0,5
BRDA:33,5,1,1
BRDA:41,6,0,1
BRDA:41,6,1,5
BRF:12
BRH:10
end_of_record
TN:
SF:src\utils\swapi_id.ts
FN:5,extractId
FNF:1
FNH:1
FNDA:5,extractId
DA:5,1
DA:6,5
DA:7,5
LF:3
LH:3
BRDA:7,0,0,5
BRDA:7,0,1,0
BRF:2
BRH:1
end_of_record
