TN:
SF:src\App.tsx
FN:12,(anonymous_1)
FN:29,(anonymous_2)
FN:36,(anonymous_3)
FN:55,(anonymous_4)
FN:63,(anonymous_5)
FNF:5
FNH:5
FNDA:16,(anonymous_1)
FNDA:5,(anonymous_2)
FNDA:6,(anonymous_3)
FNDA:1,(anonymous_4)
FNDA:1,(anonymous_5)
DA:1,1
DA:2,1
DA:3,1
DA:4,1
DA:5,1
DA:6,1
DA:7,1
DA:10,1
DA:12,1
DA:14,16
DA:17,15
DA:20,15
DA:23,15
DA:26,15
DA:29,15
DA:30,5
DA:36,15
DA:37,6
DA:38,6
DA:39,6
DA:41,6
DA:42,6
DA:43,5
DA:45,1
DA:46,1
DA:48,6
DA:55,15
DA:56,1
DA:57,1
DA:63,15
DA:64,1
DA:67,15
DA:113,1
LF:33
LH:33
BRDA:45,0,0,1
BRDA:45,0,1,0
BRDA:94,1,0,15
BRDA:94,1,1,8
BRDA:97,2,0,15
BRDA:97,2,1,1
BRDA:100,3,0,15
BRDA:100,3,1,7
BRDA:100,3,2,6
BRDA:106,4,0,15
BRDA:106,4,1,2
BRF:11
BRH:10
end_of_record
TN:
SF:src\main.tsx
FNF:0
FNH:0
DA:1,0
DA:2,0
DA:3,0
DA:4,0
DA:6,0
DA:8,0
DA:9,0
DA:12,0
LF:8
LH:0
BRDA:8,0,0,0
BRDA:8,0,1,0
BRF:2
BRH:0
end_of_record
TN:
SF:src\components\BuggyComponent.tsx
FN:1,(anonymous_0)
FNF:1
FNH:1
FNDA:3,(anonymous_0)
DA:1,1
DA:2,3
DA:4,0
DA:7,1
LF:4
LH:3
BRF:0
BRH:0
end_of_record
TN:
SF:src\components\Card.tsx
FN:7,(anonymous_0)
FNF:1
FNH:1
FNDA:8,(anonymous_0)
DA:7,3
DA:8,8
DA:10,8
DA:19,3
LF:4
LH:4
BRF:0
BRH:0
end_of_record
TN:
SF:src\components\CardList.tsx
FN:8,(anonymous_1)
FN:12,(anonymous_2)
FNF:2
FNH:2
FNDA:10,(anonymous_1)
FNDA:7,(anonymous_2)
DA:1,2
DA:8,2
DA:9,10
DA:13,7
DA:19,2
LF:5
LH:5
BRF:0
BRH:0
end_of_record
TN:
SF:src\components\ErrorBoundary.tsx
FN:13,(anonymous_1)
FN:18,(anonymous_2)
FN:22,(anonymous_3)
FN:26,(anonymous_4)
FNF:4
FNH:4
FNDA:12,(anonymous_1)
FNDA:6,(anonymous_2)
FNDA:3,(anonymous_3)
FNDA:26,(anonymous_4)
DA:1,2
DA:14,12
DA:15,10
DA:19,6
DA:23,3
DA:27,26
DA:28,6
DA:39,20
DA:43,2
LF:9
LH:9
BRDA:27,0,0,6
BRDA:27,0,1,20
BRDA:29,1,0,6
BRDA:29,1,1,2
BRF:4
BRH:4
end_of_record
TN:
SF:src\components\Loader.tsx
FN:2,(anonymous_0)
FNF:1
FNH:1
FNDA:10,(anonymous_0)
DA:2,2
DA:3,10
DA:6,2
LF:3
LH:3
BRF:0
BRH:0
end_of_record
TN:
SF:src\components\SearchBar.tsx
FN:9,SearchBar
FN:12,(anonymous_1)
FN:16,(anonymous_2)
FNF:3
FNH:3
FNDA:23,SearchBar
FNDA:3,(anonymous_1)
FNDA:2,(anonymous_2)
DA:1,2
DA:10,23
DA:12,23
DA:13,3
DA:16,23
DA:17,2
DA:18,2
DA:21,23
DA:33,2
LF:9
LH:9
BRDA:9,0,0,5
BRF:1
BRH:1
end_of_record
TN:
SF:src\hooks\useLocalStorage.ts
FN:8,useLocalStorage
FN:9,(anonymous_1)
FN:13,(anonymous_2)
FNF:3
FNH:3
FNDA:15,useLocalStorage
FNDA:5,(anonymous_1)
FNDA:1,(anonymous_2)
DA:1,1
DA:8,1
DA:9,15
DA:10,5
DA:13,15
DA:14,1
DA:15,1
DA:18,15
LF:8
LH:8
BRDA:10,0,0,5
BRDA:10,0,1,3
BRF:2
BRH:2
end_of_record
TN:
SF:src\utils\api.ts
FN:3,fetchSwapiPeople
FNF:1
FNH:1
FNDA:8,fetchSwapiPeople
DA:3,2
DA:6,8
DA:9,8
DA:13,8
DA:14,8
DA:15,2
DA:18,6
LF:7
LH:7
BRDA:9,0,0,5
BRDA:9,0,1,3
BRDA:14,1,0,2
BRDA:14,1,1,6
BRF:4
BRH:4
end_of_record
